$ /usr/bin/php8.2 -q -dmax_execution_time=0 -dmemory_limit=-1 -ddisplay_errors=0 -ddisplay_startup_errors=0 -derror_reporting=0 -dallow_url_fopen=1 -ddisable_functions= -ddate.timezone=UTC /var/www/html/public/contao-manager.phar.php composer create-project contao/contao-demo:4.13 contao-668d5d18e71e8 --no-install --no-scripts --no-dev --no-progress --no-ansi --no-interaction


# Process terminated with exit code 0
# Result: OK


> Resolving dependencies using Composer Cloud v3.7.1

[3.1MiB/0.11s] Loading composer repositories with package information
[64.6MiB/8.96s] Updating dependencies
[23.1MiB/9.76s] Lock file operations: 178 installs, 0 updates, 0 removals
[23.1MiB/9.76s]   - Locking ausi/slug-generator (v1.1.1)
[23.1MiB/9.76s]   - Locking bacon/bacon-qr-code (2.0.8)
[23.1MiB/9.76s]   - Locking beberlei/assert (v3.3.2)
[23.1MiB/9.76s]   - Locking clue/stream-filter (v1.7.0)
[23.1MiB/9.76s]   - Locking composer/ca-bundle (1.5.1)
[23.1MiB/9.76s]   - Locking contao-components/ace (1.35.2)
[23.1MiB/9.76s]   - Locking contao-components/chosen (1.2.5)
[23.1MiB/9.76s]   - Locking contao-components/colorbox (1.6.4.2)
[23.1MiB/9.76s]   - Locking contao-components/colorpicker (1.5.3)
[23.1MiB/9.76s]   - Locking contao-components/contao (9.3.6)
[23.1MiB/9.76s]   - Locking contao-components/datepicker (2.3.2)
[23.1MiB/9.76s]   - Locking contao-components/dropzone (5.9.3)
[23.1MiB/9.76s]   - Locking contao-components/installer (1.4.1)
[23.1MiB/9.76s]   - Locking contao-components/jquery (3.7.1)
[23.1MiB/9.76s]   - Locking contao-components/jquery-ui (1.13.2)
[23.1MiB/9.76s]   - Locking contao-components/mediabox (1.5.4.3)
[23.1MiB/9.76s]   - Locking contao-components/mootools (1.6.0.9)
[23.1MiB/9.76s]   - Locking contao-components/simplemodal (2.1.2)
[23.1MiB/9.76s]   - Locking contao-components/swipe (2.2.2)
[23.1MiB/9.76s]   - Locking contao-components/tablesort (4.0.2)
[23.1MiB/9.76s]   - Locking contao-components/tablesorter (2.31.3.1)
[23.1MiB/9.76s]   - Locking contao-components/tinymce4 (5.10.9)
[23.1MiB/9.76s]   - Locking contao/calendar-bundle (4.13.45)
[23.1MiB/9.76s]   - Locking contao/comments-bundle (4.13.45)
[23.1MiB/9.76s]   - Locking contao/conflicts (dev-main 3d8f465)
[23.1MiB/9.76s]   - Locking contao/core-bundle (4.13.45)
[23.1MiB/9.76s]   - Locking contao/faq-bundle (4.13.45)
[23.1MiB/9.76s]   - Locking contao/image (1.2.1)
[23.1MiB/9.76s]   - Locking contao/imagine-svg (1.0.3)
[23.1MiB/9.76s]   - Locking contao/installation-bundle (4.13.45)
[23.1MiB/9.76s]   - Locking contao/listing-bundle (4.13.45)
[23.1MiB/9.76s]   - Locking contao/manager-bundle (4.13.45)
[23.1MiB/9.76s]   - Locking contao/manager-plugin (2.13.2)
[23.1MiB/9.76s]   - Locking contao/news-bundle (4.13.45)
[23.1MiB/9.76s]   - Locking contao/newsletter-bundle (4.13.45)
[23.1MiB/9.76s]   - Locking dasprid/enum (1.0.5)
[23.1MiB/9.76s]   - Locking dflydev/dot-access-data (v3.0.3)
[23.1MiB/9.76s]   - Locking doctrine/annotations (2.0.1)
[23.1MiB/9.76s]   - Locking doctrine/cache (2.2.0)
[23.1MiB/9.76s]   - Locking doctrine/collections (1.8.0)
[23.1MiB/9.76s]   - Locking doctrine/common (3.4.4)
[23.1MiB/9.76s]   - Locking doctrine/dbal (3.8.6)
[23.1MiB/9.76s]   - Locking doctrine/deprecations (1.1.3)
[23.1MiB/9.76s]   - Locking doctrine/doctrine-bundle (2.12.0)
[23.1MiB/9.76s]   - Locking doctrine/event-manager (1.2.0)
[23.1MiB/9.76s]   - Locking doctrine/inflector (2.0.10)
[23.1MiB/9.76s]   - Locking doctrine/instantiator (2.0.0)
[23.1MiB/9.76s]   - Locking doctrine/lexer (3.0.1)
[23.1MiB/9.76s]   - Locking doctrine/orm (2.19.6)
[23.1MiB/9.76s]   - Locking doctrine/persistence (2.5.7)
[23.1MiB/9.76s]   - Locking doctrine/sql-formatter (1.4.0)
[23.1MiB/9.76s]   - Locking dragonmantank/cron-expression (v2.3.1)
[23.1MiB/9.76s]   - Locking egulias/email-validator (4.0.2)
[23.1MiB/9.76s]   - Locking friendsofsymfony/http-cache (2.15.3)
[23.1MiB/9.77s]   - Locking friendsofsymfony/http-cache-bundle (2.17.1)
[23.1MiB/9.77s]   - Locking imagine/imagine (1.3.5)
[23.1MiB/9.77s]   - Locking knplabs/knp-menu (v3.5.0)
[23.1MiB/9.77s]   - Locking knplabs/knp-menu-bundle (v3.4.2)
[23.1MiB/9.77s]   - Locking knplabs/knp-time-bundle (v1.20.0)
[23.1MiB/9.77s]   - Locking lcobucci/clock (3.2.0)
[23.1MiB/9.77s]   - Locking lcobucci/jwt (4.3.0)
[23.1MiB/9.77s]   - Locking league/commonmark (2.4.2)
[23.1MiB/9.77s]   - Locking league/config (v1.2.0)
[23.1MiB/9.77s]   - Locking league/flysystem (3.28.0)
[23.1MiB/9.77s]   - Locking league/flysystem-bundle (3.3.5)
[23.1MiB/9.77s]   - Locking league/flysystem-local (3.28.0)
[23.1MiB/9.77s]   - Locking league/mime-type-detection (1.15.0)
[23.1MiB/9.77s]   - Locking matthiasmullie/minify (1.3.73)
[23.1MiB/9.77s]   - Locking matthiasmullie/path-converter (1.1.3)
[23.1MiB/9.77s]   - Locking monolog/monolog (2.9.3)
[23.1MiB/9.77s]   - Locking nelmio/cors-bundle (2.5.0)
[23.1MiB/9.77s]   - Locking nelmio/security-bundle (v2.12.0)
[23.1MiB/9.77s]   - Locking nette/schema (v1.3.0)
[23.1MiB/9.77s]   - Locking nette/utils (v4.0.4)
[23.1MiB/9.77s]   - Locking nikic/php-parser (v4.19.1)
[23.1MiB/9.77s]   - Locking nyholm/psr7 (1.8.1)
[23.1MiB/9.77s]   - Locking paragonie/constant_time_encoding (v2.7.0)
[23.1MiB/9.77s]   - Locking paragonie/random_compat (v9.99.100)
[23.1MiB/9.77s]   - Locking php-http/client-common (2.7.1)
[23.1MiB/9.77s]   - Locking php-http/discovery (1.19.4)
[23.1MiB/9.77s]   - Locking php-http/httplug (2.4.0)
[23.1MiB/9.77s]   - Locking php-http/message (1.16.1)
[23.1MiB/9.77s]   - Locking php-http/message-factory (1.1.0)
[23.1MiB/9.77s]   - Locking php-http/promise (1.3.1)
[23.1MiB/9.77s]   - Locking phpspec/php-diff (v1.1.3)
[23.1MiB/9.77s]   - Locking psr/cache (2.0.0)
[23.1MiB/9.77s]   - Locking psr/clock (1.0.0)
[23.1MiB/9.77s]   - Locking psr/container (1.1.2)
[23.1MiB/9.77s]   - Locking psr/event-dispatcher (1.0.0)
[23.1MiB/9.78s]   - Locking psr/http-client (1.0.3)
[23.1MiB/9.78s]   - Locking psr/http-factory (1.1.0)
[23.1MiB/9.78s]   - Locking psr/http-message (1.1)
[23.1MiB/9.78s]   - Locking psr/log (2.0.0)
[23.1MiB/9.78s]   - Locking scheb/2fa-backup-code (v5.13.2)
[23.1MiB/9.78s]   - Locking scheb/2fa-bundle (v5.13.2)
[23.1MiB/9.78s]   - Locking scheb/2fa-trusted-device (v5.13.2)
[23.1MiB/9.78s]   - Locking scrivo/highlight.php (v9.18.1.10)
[23.1MiB/9.78s]   - Locking scssphp/scssphp (v1.12.1)
[23.1MiB/9.78s]   - Locking sensiolabs/ansi-to-html (v1.2.1)
[23.1MiB/9.78s]   - Locking simplepie/simplepie (1.8.0)
[23.1MiB/9.78s]   - Locking spatie/schema-org (3.23.0)
[23.1MiB/9.78s]   - Locking spomky-labs/otphp (v10.0.3)
[23.1MiB/9.78s]   - Locking symfony-cmf/routing (2.3.4)
[23.1MiB/9.78s]   - Locking symfony-cmf/routing-bundle (2.5.1)
[23.1MiB/9.78s]   - Locking symfony/asset (v5.4.40)
[23.1MiB/9.78s]   - Locking symfony/cache (v5.4.40)
[23.1MiB/9.78s]   - Locking symfony/cache-contracts (v2.5.3)
[23.1MiB/9.78s]   - Locking symfony/clock (v7.1.1)
[23.1MiB/9.78s]   - Locking symfony/config (v5.4.40)
[23.1MiB/9.78s]   - Locking symfony/console (v5.4.41)
[23.1MiB/9.78s]   - Locking symfony/debug-bundle (v5.4.40)
[23.1MiB/9.78s]   - Locking symfony/dependency-injection (v5.4.40)
[23.1MiB/9.78s]   - Locking symfony/deprecation-contracts (v3.5.0)
[23.1MiB/9.78s]   - Locking symfony/doctrine-bridge (v5.4.41)
[23.1MiB/9.78s]   - Locking symfony/dom-crawler (v5.4.40)
[23.1MiB/9.78s]   - Locking symfony/dotenv (v5.4.40)
[23.1MiB/9.78s]   - Locking symfony/error-handler (v5.4.41)
[23.1MiB/9.78s]   - Locking symfony/event-dispatcher (v5.4.40)
[23.1MiB/9.78s]   - Locking symfony/event-dispatcher-contracts (v3.5.0)
[23.1MiB/9.78s]   - Locking symfony/expression-language (v5.4.40)
[23.1MiB/9.78s]   - Locking symfony/filesystem (v5.4.41)
[23.1MiB/9.79s]   - Locking symfony/finder (v5.4.40)
[23.1MiB/9.79s]   - Locking symfony/framework-bundle (v5.4.41)
[23.1MiB/9.79s]   - Locking symfony/http-client (v5.4.41)
[23.1MiB/9.79s]   - Locking symfony/http-client-contracts (v2.5.3)
[23.1MiB/9.79s]   - Locking symfony/http-foundation (v5.4.40)
[23.1MiB/9.79s]   - Locking symfony/http-kernel (v5.4.41)
[23.1MiB/9.79s]   - Locking symfony/intl (v5.4.40)
[23.1MiB/9.79s]   - Locking symfony/lock (v5.4.40)
[23.1MiB/9.79s]   - Locking symfony/mailer (v5.4.41)
[23.1MiB/9.79s]   - Locking symfony/mime (v5.4.41)
[23.1MiB/9.79s]   - Locking symfony/monolog-bridge (v5.4.40)
[23.1MiB/9.79s]   - Locking symfony/monolog-bundle (v3.10.0)
[23.1MiB/9.79s]   - Locking symfony/options-resolver (v5.4.40)
[23.1MiB/9.79s]   - Locking symfony/password-hasher (v5.4.40)
[23.1MiB/9.79s]   - Locking symfony/polyfill-ctype (v1.30.0)
[23.1MiB/9.79s]   - Locking symfony/polyfill-intl-grapheme (v1.30.0)
[23.1MiB/9.79s]   - Locking symfony/polyfill-intl-idn (v1.30.0)
[23.1MiB/9.79s]   - Locking symfony/polyfill-intl-normalizer (v1.30.0)
[23.1MiB/9.79s]   - Locking symfony/polyfill-mbstring (v1.30.0)
[23.1MiB/9.79s]   - Locking symfony/polyfill-php72 (v1.30.0)
[23.1MiB/9.79s]   - Locking symfony/polyfill-php73 (v1.30.0)
[23.1MiB/9.79s]   - Locking symfony/polyfill-php80 (v1.30.0)
[23.1MiB/9.79s]   - Locking symfony/polyfill-php81 (v1.30.0)
[23.1MiB/9.79s]   - Locking symfony/polyfill-php83 (v1.30.0)
[23.1MiB/9.79s]   - Locking symfony/polyfill-uuid (v1.30.0)
[23.1MiB/9.79s]   - Locking symfony/process (v5.4.40)
[23.1MiB/9.79s]   - Locking symfony/property-access (v5.4.40)
[23.1MiB/9.79s]   - Locking symfony/property-info (v6.4.9)
[23.1MiB/9.79s]   - Locking symfony/routing (v5.4.40)
[23.1MiB/9.79s]   - Locking symfony/security-bundle (v5.4.41)
[23.1MiB/9.79s]   - Locking symfony/security-core (v5.4.41)
[23.2MiB/9.79s]   - Locking symfony/security-csrf (v5.4.40)
[23.2MiB/9.79s]   - Locking symfony/security-guard (v5.4.40)
[23.2MiB/9.79s]   - Locking symfony/security-http (v5.4.41)
[23.2MiB/9.79s]   - Locking symfony/service-contracts (v2.5.3)
[23.2MiB/9.79s]   - Locking symfony/stopwatch (v5.4.40)
[23.2MiB/9.79s]   - Locking symfony/string (v5.4.41)
[23.2MiB/9.79s]   - Locking symfony/templating (v6.4.8)
[23.2MiB/9.79s]   - Locking symfony/translation (v5.4.40)
[23.2MiB/9.79s]   - Locking symfony/translation-contracts (v2.5.3)
[23.2MiB/9.79s]   - Locking symfony/twig-bridge (v5.4.41)
[23.2MiB/9.79s]   - Locking symfony/twig-bundle (v5.4.40)
[23.2MiB/9.80s]   - Locking symfony/uid (v5.4.40)
[23.2MiB/9.80s]   - Locking symfony/var-dumper (v5.4.40)
[23.2MiB/9.80s]   - Locking symfony/var-exporter (v6.4.9)
[23.2MiB/9.80s]   - Locking symfony/web-profiler-bundle (v5.4.40)
[23.2MiB/9.80s]   - Locking symfony/yaml (v5.4.40)
[23.2MiB/9.80s]   - Locking terminal42/escargot (1.6.2)
[23.2MiB/9.80s]   - Locking terminal42/service-annotation-bundle (1.1.6)
[23.2MiB/9.80s]   - Locking thecodingmachine/safe (v2.5.0)
[23.2MiB/9.80s]   - Locking toflar/psr6-symfony-http-cache-store (3.0.1)
[23.2MiB/9.80s]   - Locking twig/extra-bundle (v3.10.0)
[23.2MiB/9.80s]   - Locking twig/twig (v3.10.3)
[23.2MiB/9.80s]   - Locking ua-parser/uap-php (v3.9.14)
[23.2MiB/9.80s]   - Locking webignition/disallowed-character-terminated-string (2.0)
[23.2MiB/9.80s]   - Locking webignition/robots-txt-file (3.0)
[23.2MiB/9.80s]   - Locking wikimedia/less.php (1.8.2)
[23.2MiB/9.81s] Writing lock file
[10.8MiB/9.83s] 48 package suggestions were added by new dependencies, use `composer suggest` to see details.
[11.4MiB/9.84s] <warning>Package php-http/message-factory is abandoned, you should avoid using it. Use psr/http-factory instead.</warning>
[11.6MiB/10.05s] No security vulnerability advisories found.
[12.1MiB/10.05s] Memory usage: 12.07MB (peak: 165.07MB), time: 10.05s.
[12.1MiB/10.05s] Finished Composer Cloud resolving.


# Job ID wcPlWvF4TyqgV0LktsMBKl65SkWUCB8TgOdztq4OtvzcsAo2CAO8jPNA1iBKXuTaatJ2 completed in 11 seconds
# Memory usage: 12.07MB (peak: 165.07MB), time: 10.05s.

$ /usr/bin/php8.2 -q -dmax_execution_time=0 -dmemory_limit=-1 -ddisplay_errors=0 -ddisplay_startup_errors=0 -derror_reporting=0 -dallow_url_fopen=1 -ddisable_functions= -ddate.timezone=UTC /var/www/html/public/contao-manager.phar.php composer install --no-dev --no-progress --no-ansi --no-interaction --optimize-autoloader


# Process terminated with exit code 0
# Result: OK
